<?xml version="1.0" encoding="UTF-8"?>
<!-- Generated by org.testng.reporters.JUnitXMLReporter -->
<testsuite ignored="0" hostname="Dongs-MacBook-Pro.local" failures="0" tests="3" name="Surefire test" time="11.872" errors="0" timestamp="2024-12-02T14:45:35 GMT+07:00">
  <testcase classname="tests.GoogleSearchTest" name="testGoogleSearch" time="3.667"/>
  <testcase classname="tests.GoogleSearchTest" name="testcase2" time="0.001"/>
  <testcase classname="SeleniumTest" name="Setup" time="0.0"/>
</testsuite> <!-- Surefire test -->
