<?xml version="1.0" encoding="UTF-8"?>
<testng-results ignored="0" total="3" passed="3" failed="0" skipped="0">
  <reporter-output>
  </reporter-output>
  <suite started-at="2024-12-02T14:45:18 GMT+07:00" name="Surefire suite" finished-at="2024-12-02T14:45:30 GMT+07:00" duration-ms="11872">
    <groups>
    </groups>
    <test started-at="2024-12-02T14:45:18 GMT+07:00" name="Surefire test" finished-at="2024-12-02T14:45:30 GMT+07:00" duration-ms="11872">
      <class name="tests.GoogleSearchTest">
        <test-method is-config="true" signature="setup()[pri:0, instance:tests.GoogleSearchTest@27c86f2d]" started-at="2024-12-02T14:45:18 GMT+07:00" name="setup" finished-at="2024-12-02T14:45:23 GMT+07:00" duration-ms="4233" status="PASS">
          <reporter-output>
          </reporter-output>
        </test-method> <!-- setup -->
        <test-method signature="testGoogleSearch()[pri:0, instance:tests.GoogleSearchTest@27c86f2d]" started-at="2024-12-02T14:45:23 GMT+07:00" name="testGoogleSearch" finished-at="2024-12-02T14:45:26 GMT+07:00" duration-ms="3667" status="PASS">
          <reporter-output>
          </reporter-output>
        </test-method> <!-- testGoogleSearch -->
        <test-method is-config="true" signature="tearDown()[pri:0, instance:tests.GoogleSearchTest@27c86f2d]" started-at="2024-12-02T14:45:26 GMT+07:00" name="tearDown" finished-at="2024-12-02T14:45:26 GMT+07:00" duration-ms="144" status="PASS">
          <reporter-output>
          </reporter-output>
        </test-method> <!-- tearDown -->
        <test-method is-config="true" signature="setup()[pri:0, instance:tests.GoogleSearchTest@27c86f2d]" started-at="2024-12-02T14:45:26 GMT+07:00" name="setup" finished-at="2024-12-02T14:45:30 GMT+07:00" duration-ms="3695" status="PASS">
          <reporter-output>
          </reporter-output>
        </test-method> <!-- setup -->
        <test-method signature="testcase2()[pri:0, instance:tests.GoogleSearchTest@27c86f2d]" started-at="2024-12-02T14:45:30 GMT+07:00" name="testcase2" finished-at="2024-12-02T14:45:30 GMT+07:00" duration-ms="1" status="PASS">
          <reporter-output>
          </reporter-output>
        </test-method> <!-- testcase2 -->
        <test-method is-config="true" signature="tearDown()[pri:0, instance:tests.GoogleSearchTest@27c86f2d]" started-at="2024-12-02T14:45:30 GMT+07:00" name="tearDown" finished-at="2024-12-02T14:45:30 GMT+07:00" duration-ms="104" status="PASS">
          <reporter-output>
          </reporter-output>
        </test-method> <!-- tearDown -->
      </class> <!-- tests.GoogleSearchTest -->
      <class name="SeleniumTest">
        <test-method signature="Setup()[pri:0, instance:SeleniumTest@1fe20588]" started-at="2024-12-02T14:45:30 GMT+07:00" name="Setup" finished-at="2024-12-02T14:45:30 GMT+07:00" duration-ms="0" status="PASS">
          <reporter-output>
          </reporter-output>
        </test-method> <!-- Setup -->
      </class> <!-- SeleniumTest -->
    </test> <!-- Surefire test -->
  </suite> <!-- Surefire suite -->
</testng-results>
