<?xml version="1.0" encoding="UTF-8"?>
<testng-results ignored="0" total="3" passed="3" failed="0" skipped="0">
  <reporter-output>
  </reporter-output>
  <suite started-at="2024-12-03T11:04:09 GMT+07:00" name="ParallelBrowserSuite" finished-at="2024-12-03T11:04:20 GMT+07:00" duration-ms="11484">
    <groups>
    </groups>
    <test started-at="2024-12-03T11:04:09 GMT+07:00" name="FirefoxTest" finished-at="2024-12-03T11:04:17 GMT+07:00" duration-ms="8618">
      <class name="tests.GoogleSearchTest_RemoteDocker_Parallel">
        <test-method is-config="true" signature="setup(java.lang.String)[pri:0, instance:tests.GoogleSearchTest_RemoteDocker_Parallel@6356695f]" started-at="2024-12-03T11:04:09 GMT+07:00" name="setup" finished-at="2024-12-03T11:04:13 GMT+07:00" duration-ms="4126" status="PASS">
          <params>
            <param index="0">
              <value>
                <![CDATA[firefox]]>
              </value>
            </param>
          </params>
          <reporter-output>
          </reporter-output>
        </test-method> <!-- setup -->
        <test-method signature="testGoogleSearch()[pri:0, instance:tests.GoogleSearchTest_RemoteDocker_Parallel@6356695f]" started-at="2024-12-03T11:04:13 GMT+07:00" name="testGoogleSearch" finished-at="2024-12-03T11:04:16 GMT+07:00" duration-ms="3561" status="PASS">
          <reporter-output>
          </reporter-output>
        </test-method> <!-- testGoogleSearch -->
        <test-method is-config="true" signature="tearDown()[pri:0, instance:tests.GoogleSearchTest_RemoteDocker_Parallel@6356695f]" started-at="2024-12-03T11:04:16 GMT+07:00" name="tearDown" finished-at="2024-12-03T11:04:17 GMT+07:00" duration-ms="905" status="PASS">
          <reporter-output>
          </reporter-output>
        </test-method> <!-- tearDown -->
      </class> <!-- tests.GoogleSearchTest_RemoteDocker_Parallel -->
    </test> <!-- FirefoxTest -->
    <test started-at="2024-12-03T11:04:09 GMT+07:00" name="ChromeTest" finished-at="2024-12-03T11:04:14 GMT+07:00" duration-ms="5362">
      <class name="tests.GoogleSearchTest_RemoteDocker_Parallel">
        <test-method is-config="true" signature="setup(java.lang.String)[pri:0, instance:tests.GoogleSearchTest_RemoteDocker_Parallel@1139b2f3]" started-at="2024-12-03T11:04:09 GMT+07:00" name="setup" finished-at="2024-12-03T11:04:10 GMT+07:00" duration-ms="1491" status="PASS">
          <params>
            <param index="0">
              <value>
                <![CDATA[chrome]]>
              </value>
            </param>
          </params>
          <reporter-output>
          </reporter-output>
        </test-method> <!-- setup -->
        <test-method signature="testGoogleSearch()[pri:0, instance:tests.GoogleSearchTest_RemoteDocker_Parallel@1139b2f3]" started-at="2024-12-03T11:04:10 GMT+07:00" name="testGoogleSearch" finished-at="2024-12-03T11:04:14 GMT+07:00" duration-ms="3731" status="PASS">
          <reporter-output>
          </reporter-output>
        </test-method> <!-- testGoogleSearch -->
        <test-method is-config="true" signature="tearDown()[pri:0, instance:tests.GoogleSearchTest_RemoteDocker_Parallel@1139b2f3]" started-at="2024-12-03T11:04:14 GMT+07:00" name="tearDown" finished-at="2024-12-03T11:04:14 GMT+07:00" duration-ms="111" status="PASS">
          <reporter-output>
          </reporter-output>
        </test-method> <!-- tearDown -->
      </class> <!-- tests.GoogleSearchTest_RemoteDocker_Parallel -->
    </test> <!-- ChromeTest -->
    <test started-at="2024-12-03T11:04:09 GMT+07:00" name="EdgeTest" finished-at="2024-12-03T11:04:20 GMT+07:00" duration-ms="11484">
      <class name="tests.GoogleSearchTest_RemoteDocker_Parallel">
        <test-method is-config="true" signature="setup(java.lang.String)[pri:0, instance:tests.GoogleSearchTest_RemoteDocker_Parallel@359f7cdf]" started-at="2024-12-03T11:04:09 GMT+07:00" name="setup" finished-at="2024-12-03T11:04:10 GMT+07:00" duration-ms="1561" status="PASS">
          <params>
            <param index="0">
              <value>
                <![CDATA[edge]]>
              </value>
            </param>
          </params>
          <reporter-output>
          </reporter-output>
        </test-method> <!-- setup -->
        <test-method signature="testGoogleSearch()[pri:0, instance:tests.GoogleSearchTest_RemoteDocker_Parallel@359f7cdf]" started-at="2024-12-03T11:04:10 GMT+07:00" name="testGoogleSearch" finished-at="2024-12-03T11:04:19 GMT+07:00" duration-ms="8797" status="PASS">
          <reporter-output>
          </reporter-output>
        </test-method> <!-- testGoogleSearch -->
        <test-method is-config="true" signature="tearDown()[pri:0, instance:tests.GoogleSearchTest_RemoteDocker_Parallel@359f7cdf]" started-at="2024-12-03T11:04:19 GMT+07:00" name="tearDown" finished-at="2024-12-03T11:04:20 GMT+07:00" duration-ms="1098" status="PASS">
          <reporter-output>
          </reporter-output>
        </test-method> <!-- tearDown -->
      </class> <!-- tests.GoogleSearchTest_RemoteDocker_Parallel -->
    </test> <!-- EdgeTest -->
  </suite> <!-- ParallelBrowserSuite -->
</testng-results>
